<?xml version="1.0" encoding="UTF-8"?>
<testsuite name="org.aoc.SolutionTest" tests="3" skipped="0" failures="0" errors="0" timestamp="2024-12-01T15:55:10" hostname="Zenith" time="0.034">
  <properties/>
  <testcase name="[1] [[1], [1]], 1" classname="org.aoc.SolutionTest" time="0.029"/>
  <testcase name="[2] [[1], [3]], 0" classname="org.aoc.SolutionTest" time="0.001"/>
  <testcase name="[3] [[3, 4, 2, 1, 3, 3], [4, 3, 5, 3, 9, 3]], 31" classname="org.aoc.SolutionTest" time="0.001"/>
  <system-out><![CDATA[]]></system-out>
  <system-err><![CDATA[]]></system-err>
</testsuite>
