<?xml version="1.0" encoding="UTF-8"?>
<testsuite name="org.aoc.SolutionTest" tests="4" skipped="0" failures="0" errors="0" timestamp="2024-12-01T15:23:26" hostname="Zenith" time="0.037">
  <properties/>
  <testcase name="[1] [[1], [1]], 0" classname="org.aoc.SolutionTest" time="0.028"/>
  <testcase name="[2] [[1], [3]], 2" classname="org.aoc.SolutionTest" time="0.001"/>
  <testcase name="[3] [[1, 1, 2], [1, 2, 2]], 1" classname="org.aoc.SolutionTest" time="0.001"/>
  <testcase name="[4] [[3], [1]], 2" classname="org.aoc.SolutionTest" time="0.0"/>
  <system-out><![CDATA[]]></system-out>
  <system-err><![CDATA[]]></system-err>
</testsuite>
