<?xml version="1.0" encoding="UTF-8"?>
<testsuite name="org.aoc.SolutionTest" tests="1" skipped="0" failures="0" errors="0" timestamp="2024-12-01T13:44:12" hostname="Zenith" time="0.027">
  <properties/>
  <testcase name="[1] [1], 0" classname="org.aoc.SolutionTest" time="0.027"/>
  <system-out><![CDATA[]]></system-out>
  <system-err><![CDATA[]]></system-err>
</testsuite>
