<?xml version="1.0" encoding="UTF-8"?>
<testsuite name="AoCDay3SolverTest" tests="1" skipped="0" failures="0" errors="0" timestamp="2021-12-03T21:31:08" hostname="Philipps-MacBook-Pro.local" time="0.048">
  <properties/>
  <testcase name="shouldSolvePartTwo()" classname="AoCDay3SolverTest" time="0.048"/>
  <system-out><![CDATA[]]></system-out>
  <system-err><![CDATA[]]></system-err>
</testsuite>
